<?xml version="1.0" encoding="UTF-8"?>
<!-- Generated by org.testng.reporters.JUnitReportReporter -->
<testsuite hostname="DESKTOP-Q9RF7BR" failures="0" tests="1" name="com.example.api.ApiTest" time="2.614" errors="0" timestamp="2025-04-08T18:41:17 EDT" skipped="0">
  <testcase classname="com.example.api.ApiTest" name="testGetRequest" time="2.614"/>
  <system-out/>
</testsuite> <!-- com.example.api.ApiTest -->
